2016-06-14 15:17:34.3570 INFO Loading the Application. 
2016-06-14 15:17:34.3570 DEBUG System.Object[] 
2016-06-14 15:17:34.4087 INFO System.Object[] 
2016-06-14 15:17:34.4087 DEBUG System.Object[] 
2016-06-14 15:17:34.4668 INFO System.Object[] 
2016-06-14 15:17:34.4668 DEBUG System.Object[] 
2016-06-14 15:17:34.4668 DEBUG Loading the scheduler... 
2016-06-14 15:17:34.5290 INFO scheduler loaded 
2016-06-14 15:17:34.5290 INFO Loading up the Alert balloons... 
2016-06-14 15:17:34.6999 INFO Performing Login... 
2016-06-14 15:17:34.6999 DEBUG Logging in accounts... 
2016-06-14 15:17:40.6858 INFO Logging into ClientAlerts... 
2016-06-14 15:17:41.2910 INFO Logging into ClientAlerts... 
2016-06-14 15:17:41.5914 DEBUG Login Ack Success 
2016-06-14 15:17:41.8429 DEBUG Login Ack Success 
2016-06-14 15:18:41.8505 INFO Calling GetUserAlerts... Version: 847 
2016-06-14 15:18:42.1137 DEBUG GetUserAlertsCall JSON: {"Timestamp":"2016-06-14T05:20:46.930Z","Ack":"Success","Build":"E957_CORE_APINOT_17857547_R1","Version":"957","SessionData":"AQAAAVUydVwAAA1TSUQ9NjczMzgzOTV8U1Q9MXwxfExBQ1RWPTE0NjU4ODE2NDY5MTR8RUhXTT0zMzAzODIzMjk3M3xUSURYPTJ8TElVUD0xNDY1ODgxNTg2NjAzfFBMSFM9W10khYLI2DpRajk86pNWk24wYilMDA=="} 
2016-06-14 15:18:42.1177 DEBUG GetUserAlerts Ack Success 
2016-06-14 15:18:42.1177 INFO Calling GetUserAlerts... Version: 847 
2016-06-14 15:18:42.3840 DEBUG GetUserAlertsCall JSON: {"Timestamp":"2016-06-14T05:20:47.236Z","Ack":"Success","Build":"E957_CORE_APINOT_17857547_R1","Version":"957","SessionData":"AQAAAVUydVwAAA1TSUQ9NjczMzgzOTN8U1Q9MXwxfExBQ1RWPTE0NjU4ODE2NDcyMjB8RUhXTT0zMzAzODIzMjk1M3xUSURYPTJ8TElVUD0xNDY1ODgxNTg2MjkxfFBMSFM9W10g95Dg/64vsx/vrQnYlT8gVo4LDQ=="} 
2016-06-14 15:18:42.3840 DEBUG GetUserAlerts Ack Success 
2016-06-14 15:19:42.3838 INFO Calling GetUserAlerts... Version: 847 
2016-06-14 15:19:42.6959 DEBUG GetUserAlertsCall JSON: {"Timestamp":"2016-06-14T05:21:47.459Z","Ack":"Success","Build":"E957_CORE_APINOT_17857547_R1","Version":"957","SessionData":"AQAAAVUydVwAAA1TSUQ9NjczMzgzOTV8U1Q9MXwxfExBQ1RWPTE0NjU4ODE3MDc0NDR8RUhXTT0zMzAzODIzMjk3M3xUSURYPTJ8TElVUD0xNDY1ODgxNTg2NjAzfFBMSFM9W10lE/aoFVMPVE/F0CVbILM/TNFCfA=="} 
2016-06-14 15:19:42.6959 DEBUG GetUserAlerts Ack Success 
2016-06-14 15:19:42.6959 INFO Calling GetUserAlerts... Version: 847 
2016-06-14 15:19:42.9993 DEBUG GetUserAlertsCall JSON: {"Timestamp":"2016-06-14T05:21:47.814Z","Ack":"Success","Build":"E957_CORE_APINOT_17857547_R1","Version":"957","SessionData":"AQAAAVUydVwAAA1TSUQ9NjczMzgzOTN8U1Q9MXwxfExBQ1RWPTE0NjU4ODE3MDc3OTh8RUhXTT0zMzAzODIzMjk1M3xUSURYPTJ8TElVUD0xNDY1ODgxNTg2MjkxfFBMSFM9W11sOPhUtGzmB8/bBndl67HCMPTv8A=="} 
2016-06-14 15:19:42.9993 DEBUG GetUserAlerts Ack Success 
2016-06-14 15:20:43.0025 INFO Calling GetUserAlerts... Version: 847 
2016-06-14 15:20:43.3092 DEBUG GetUserAlertsCall JSON: {"Timestamp":"2016-06-14T05:22:48.092Z","Ack":"Success","Build":"E957_CORE_APINOT_17857547_R1","Version":"957","SessionData":"AQAAAVUydVwAAA1TSUQ9NjczMzgzOTV8U1Q9MXwxfExBQ1RWPTE0NjU4ODE3NjgwNzZ8RUhXTT0zMzAzODIzMjk3M3xUSURYPTJ8TElVUD0xNDY1ODgxNTg2NjAzfFBMSFM9W11jqw0iO0iUvqev7pQ9BqO0JtBVFA=="} 
2016-06-14 15:20:43.3092 DEBUG GetUserAlerts Ack Success 
2016-06-14 15:20:43.3092 INFO Calling GetUserAlerts... Version: 847 
2016-06-14 15:20:43.6164 DEBUG GetUserAlertsCall JSON: {"Timestamp":"2016-06-14T05:22:48.438Z","Ack":"Success","Build":"E957_CORE_APINOT_17857547_R1","Version":"957","SessionData":"AQAAAVUydVwAAA1TSUQ9NjczMzgzOTN8U1Q9MXwxfExBQ1RWPTE0NjU4ODE3Njg0MjN8RUhXTT0zMzAzODIzMjk1M3xUSURYPTJ8TElVUD0xNDY1ODgxNTg2MjkxfFBMSFM9W11hv/N1A05Bd+kjTb4q9fKp268aWA=="} 
2016-06-14 15:20:43.6164 DEBUG GetUserAlerts Ack Success 
2016-06-14 15:21:43.6107 INFO Calling GetUserAlerts... Version: 847 
2016-06-14 15:21:43.9905 DEBUG GetUserAlertsCall JSON: {"Timestamp":"2016-06-14T05:23:48.710Z","Ack":"Success","Build":"E957_CORE_APINOT_17857547_R1","Version":"957","SessionData":"AQAAAVUydVwAAA1TSUQ9NjczMzgzOTV8U1Q9MXwxfExBQ1RWPTE0NjU4ODE4Mjg2OTR8RUhXTT0zMzAzODIzMjk3M3xUSURYPTJ8TElVUD0xNDY1ODgxNTg2NjAzfFBMSFM9W13tLyqSp81dz2jXblFhgv22+Mwrmg=="} 
2016-06-14 15:21:43.9905 DEBUG GetUserAlerts Ack Success 
2016-06-14 15:21:43.9905 INFO Calling GetUserAlerts... Version: 847 
2016-06-14 15:21:44.3638 DEBUG GetUserAlertsCall JSON: {"Timestamp":"2016-06-14T05:23:49.085Z","Ack":"Success","Build":"E957_CORE_APINOT_17857547_R1","Version":"957","SessionData":"AQAAAVUydVwAAA1TSUQ9NjczMzgzOTN8U1Q9MXwxfExBQ1RWPTE0NjU4ODE4MjkwNjl8RUhXTT0zMzAzODIzMjk1M3xUSURYPTJ8TElVUD0xNDY1ODgxNTg2MjkxfFBMSFM9W13T7QjMr9HjhPNmcpnAm5PHvxssJg=="} 
2016-06-14 15:21:44.3638 DEBUG GetUserAlerts Ack Success 
2016-06-14 15:22:44.3749 INFO Calling GetUserAlerts... Version: 847 
2016-06-14 15:22:44.7284 DEBUG GetUserAlertsCall JSON: {"Timestamp":"2016-06-14T05:24:49.485Z","Ack":"Success","Build":"E957_CORE_APINOT_17857547_R1","Version":"957","SessionData":"AQAAAVUydVwAAA1TSUQ9NjczMzgzOTV8U1Q9MXwxfExBQ1RWPTE0NjU4ODE4ODk0Njl8RUhXTT0zMzAzODIzMjk3M3xUSURYPTJ8TElVUD0xNDY1ODgxNTg2NjAzfFBMSFM9W13qyRir1R3xi5W3YZ1yZYvXzJlecQ=="} 
2016-06-14 15:22:44.7284 DEBUG GetUserAlerts Ack Success 
2016-06-14 15:22:44.7284 INFO Calling GetUserAlerts... Version: 847 
2016-06-14 15:22:45.0888 DEBUG GetUserAlertsCall JSON: {"Timestamp":"2016-06-14T05:24:49.859Z","Ack":"Success","Build":"E957_CORE_APINOT_17857547_R1","Version":"957","SessionData":"AQAAAVUydVwAAA1TSUQ9NjczMzgzOTN8U1Q9MXwxfExBQ1RWPTE0NjU4ODE4ODk4NDR8RUhXTT0zMzAzODIzMjk1M3xUSURYPTJ8TElVUD0xNDY1ODgxNTg2MjkxfFBMSFM9W10re2NGtDcwFBaKEGpjYxBh9pZ2SQ=="} 
2016-06-14 15:22:45.0888 DEBUG GetUserAlerts Ack Success 
2016-06-14 15:23:45.1717 INFO Calling GetUserAlerts... Version: 847 
2016-06-14 15:23:45.4804 DEBUG GetUserAlertsCall JSON: {"Timestamp":"2016-06-14T05:25:50.290Z","Ack":"Success","Build":"E957_CORE_APINOT_17857547_R1","Version":"957","SessionData":"AQAAAVUydVwAAA1TSUQ9NjczMzgzOTV8U1Q9MXwxfExBQ1RWPTE0NjU4ODE5NTAyNzV8RUhXTT0zMzAzODIzMjk3M3xUSURYPTJ8TElVUD0xNDY1ODgxNTg2NjAzfFBMSFM9W12ZLUrBqAF3R5Xd37DMUiwTAIT6iQ=="} 
2016-06-14 15:23:45.4804 DEBUG GetUserAlerts Ack Success 
2016-06-14 15:23:45.4804 INFO Calling GetUserAlerts... Version: 847 
2016-06-14 15:23:45.7879 DEBUG GetUserAlertsCall JSON: {"Timestamp":"2016-06-14T05:25:50.603Z","Ack":"Success","Build":"E957_CORE_APINOT_17857547_R1","Version":"957","SessionData":"AQAAAVUydVwAAA1TSUQ9NjczMzgzOTN8U1Q9MXwxfExBQ1RWPTE0NjU4ODE5NTA1ODd8RUhXTT0zMzAzODIzMjk1M3xUSURYPTJ8TElVUD0xNDY1ODgxNTg2MjkxfFBMSFM9W129/gscFp4qhQsyRZq7VF2CGzzZiQ=="} 
2016-06-14 15:23:45.7879 DEBUG GetUserAlerts Ack Success 
2016-06-14 15:24:45.8592 INFO Calling GetUserAlerts... Version: 847 
2016-06-14 15:24:46.1622 DEBUG GetUserAlertsCall JSON: {"Timestamp":"2016-06-14T05:26:50.987Z","Ack":"Success","Build":"E957_CORE_APINOT_17857547_R1","Version":"957","SessionData":"AQAAAVUydVwAAA1TSUQ9NjczMzgzOTV8U1Q9MXwxfExBQ1RWPTE0NjU4ODIwMTA5NzF8RUhXTT0zMzAzODIzMjk3M3xUSURYPTJ8TElVUD0xNDY1ODgxNTg2NjAzfFBMSFM9W10TQu2fOvfGAQ4LaesfvfBrr/Y+fw=="} 
2016-06-14 15:24:46.1622 DEBUG GetUserAlerts Ack Success 
2016-06-14 15:24:46.1622 INFO Calling GetUserAlerts... Version: 847 
2016-06-14 15:24:46.4658 DEBUG GetUserAlertsCall JSON: {"Timestamp":"2016-06-14T05:26:51.284Z","Ack":"Success","Build":"E957_CORE_APINOT_17857547_R1","Version":"957","SessionData":"AQAAAVUydVwAAA1TSUQ9NjczMzgzOTN8U1Q9MXwxfExBQ1RWPTE0NjU4ODIwMTEyNjh8RUhXTT0zMzAzODIzMjk1M3xUSURYPTJ8TElVUD0xNDY1ODgxNTg2MjkxfFBMSFM9W13xFPKmP0pZDPIXHnUxyA/6FNjngg=="} 
2016-06-14 15:24:46.4658 DEBUG GetUserAlerts Ack Success 
2016-06-14 15:25:46.4846 INFO Calling GetUserAlerts... Version: 847 
2016-06-14 15:25:46.7908 DEBUG GetUserAlertsCall JSON: {"Timestamp":"2016-06-14T05:27:51.608Z","Ack":"Success","Build":"E957_CORE_APINOT_17857547_R1","Version":"957","SessionData":"AQAAAVUydVwAAA1TSUQ9NjczMzgzOTV8U1Q9MXwxfExBQ1RWPTE0NjU4ODIwNzE1OTN8RUhXTT0zMzAzODIzMjk3M3xUSURYPTJ8TElVUD0xNDY1ODgxNTg2NjAzfFBMSFM9W10X9/T+shdaK0fDrGp3vu6ioQCiZQ=="} 
2016-06-14 15:25:46.7908 DEBUG GetUserAlerts Ack Success 
2016-06-14 15:25:46.7908 INFO Calling GetUserAlerts... Version: 847 
2016-06-14 15:25:47.0946 DEBUG GetUserAlertsCall JSON: {"Timestamp":"2016-06-14T05:27:51.927Z","Ack":"Success","Build":"E957_CORE_APINOT_17857547_R1","Version":"957","SessionData":"AQAAAVUydVwAAA1TSUQ9NjczMzgzOTN8U1Q9MXwxfExBQ1RWPTE0NjU4ODIwNzE5MTJ8RUhXTT0zMzAzODIzMjk1M3xUSURYPTJ8TElVUD0xNDY1ODgxNTg2MjkxfFBMSFM9W139oprUHy0mAMhqSdy18jw+z8uXyQ=="} 
2016-06-14 15:25:47.0946 DEBUG GetUserAlerts Ack Success 
2016-06-14 15:26:47.1079 INFO Calling GetUserAlerts... Version: 847 
2016-06-14 15:26:47.4140 DEBUG GetUserAlertsCall JSON: {"Timestamp":"2016-06-14T05:28:52.233Z","Ack":"Success","Build":"E957_CORE_APINOT_17857547_R1","Version":"957","SessionData":"AQAAAVUydVwAAA1TSUQ9NjczMzgzOTV8U1Q9MXwxfExBQ1RWPTE0NjU4ODIxMzIyMTd8RUhXTT0zMzAzODIzMjk3M3xUSURYPTJ8TElVUD0xNDY1ODgxNTg2NjAzfFBMSFM9W13VRzQ8HnzYqffid0ZUV41TPP8FgA=="} 
2016-06-14 15:26:47.4140 DEBUG GetUserAlerts Ack Success 
2016-06-14 15:26:47.4140 INFO Calling GetUserAlerts... Version: 847 
2016-06-14 15:26:47.7348 DEBUG GetUserAlertsCall JSON: {"Timestamp":"2016-06-14T05:28:52.554Z","Ack":"Success","Build":"E957_CORE_APINOT_17857547_R1","Version":"957","SessionData":"AQAAAVUydVwAAA1TSUQ9NjczMzgzOTN8U1Q9MXwxfExBQ1RWPTE0NjU4ODIxMzI1Mzh8RUhXTT0zMzAzODIzMjk1M3xUSURYPTJ8TElVUD0xNDY1ODgxNTg2MjkxfFBMSFM9W10uPWl3DoDgGyLXbUMOB8+StUdvlg=="} 
2016-06-14 15:26:47.7348 DEBUG GetUserAlerts Ack Success 
2016-06-14 15:27:47.7788 INFO Calling GetUserAlerts... Version: 847 
2016-06-14 15:27:48.0434 DEBUG GetUserAlertsCall JSON: {"Timestamp":"2016-06-14T05:29:52.880Z","Ack":"Success","Build":"E957_CORE_APINOT_17857547_R1","Version":"957","SessionData":"AQAAAVUydVwAAA1TSUQ9NjczMzgzOTV8U1Q9MXwxfExBQ1RWPTE0NjU4ODIxOTI4NjR8RUhXTT0zMzAzODIzMjk3M3xUSURYPTJ8TElVUD0xNDY1ODgxNTg2NjAzfFBMSFM9W12naLnMmbG4r8eq172NuQVZnhV57g=="} 
2016-06-14 15:27:48.0434 DEBUG GetUserAlerts Ack Success 
2016-06-14 15:27:48.0434 INFO Calling GetUserAlerts... Version: 847 
2016-06-14 15:27:48.3089 DEBUG GetUserAlertsCall JSON: {"Timestamp":"2016-06-14T05:29:53.181Z","Ack":"Success","Build":"E957_CORE_APINOT_17857547_R1","Version":"957","SessionData":"AQAAAVUydVwAAA1TSUQ9NjczMzgzOTN8U1Q9MXwxfExBQ1RWPTE0NjU4ODIxOTMxNjV8RUhXTT0zMzAzODIzMjk1M3xUSURYPTJ8TElVUD0xNDY1ODgxNTg2MjkxfFBMSFM9W13KcGSJ6sdiegYrukiMx1Weq2eUhQ=="} 
2016-06-14 15:27:48.3089 DEBUG GetUserAlerts Ack Success 
2016-06-14 15:28:48.4340 INFO Calling GetUserAlerts... Version: 847 
2016-06-14 15:28:48.7548 DEBUG GetUserAlertsCall JSON: {"Timestamp":"2016-06-14T05:30:53.573Z","Ack":"Success","Build":"E957_CORE_APINOT_17857547_R1","Version":"957","SessionData":"AQAAAVUydVwAAA1TSUQ9NjczMzgzOTV8U1Q9MXwxfExBQ1RWPTE0NjU4ODIyNTM1NTd8RUhXTT0zMzAzODIzMjk3M3xUSURYPTJ8TElVUD0xNDY1ODgxNTg2NjAzfFBMSFM9W12tz7HysLEv0INOBdqrK3IvxT69zA=="} 
2016-06-14 15:28:48.7548 DEBUG GetUserAlerts Ack Success 
2016-06-14 15:28:48.7548 INFO Calling GetUserAlerts... Version: 847 
2016-06-14 15:28:49.1303 DEBUG GetUserAlertsCall JSON: {"Timestamp":"2016-06-14T05:30:53.849Z","Ack":"Success","Build":"E957_CORE_APINOT_17857547_R1","Version":"957","SessionData":"AQAAAVUydVwAAA1TSUQ9NjczMzgzOTN8U1Q9MXwxfExBQ1RWPTE0NjU4ODIyNTM4MzR8RUhXTT0zMzAzODIzMjk1M3xUSURYPTJ8TElVUD0xNDY1ODgxNTg2MjkxfFBMSFM9W10AagSqz4gF6AYQvpz2TgFjwABU2Q=="} 
2016-06-14 15:28:49.1303 DEBUG GetUserAlerts Ack Success 
2016-06-14 15:29:49.2314 INFO Calling GetUserAlerts... Version: 847 
2016-06-14 15:29:49.5397 DEBUG GetUserAlertsCall JSON: {"Timestamp":"2016-06-14T05:31:54.371Z","Ack":"Success","Build":"E957_CORE_APINOT_17857547_R1","Version":"957","SessionData":"AQAAAVUydVwAAA1TSUQ9NjczMzgzOTV8U1Q9MXwxfExBQ1RWPTE0NjU4ODIzMTQzNTZ8RUhXTT0zMzAzODIzMjk3M3xUSURYPTJ8TElVUD0xNDY1ODgxNTg2NjAzfFBMSFM9W10gn3zMJ7l97QcWWezKPEc9Wgt0dQ=="} 
2016-06-14 15:29:49.5397 DEBUG GetUserAlerts Ack Success 
2016-06-14 15:29:49.5397 INFO Calling GetUserAlerts... Version: 847 
2016-06-14 15:29:49.8715 DEBUG GetUserAlertsCall JSON: {"Timestamp":"2016-06-14T05:31:54.669Z","Ack":"Success","Build":"E957_CORE_APINOT_17857547_R1","Version":"957","SessionData":"AQAAAVUydVwAAA1TSUQ9NjczMzgzOTN8U1Q9MXwxfExBQ1RWPTE0NjU4ODIzMTQ2NTR8RUhXTT0zMzAzODIzMjk1M3xUSURYPTJ8TElVUD0xNDY1ODgxNTg2MjkxfFBMSFM9W11UHwvAhzr6QzTKbLLymU+u2VA1LA=="} 
2016-06-14 15:29:49.8715 DEBUG GetUserAlerts Ack Success 
